-------------------------------------------------------------------------------
Test set: org.finances.CustomVerificationTest
-------------------------------------------------------------------------------
Tests run: 1, Failures: 1, Errors: 0, Skipped: 0, Time elapsed: 2.052 s <<< FAILURE! - in org.finances.CustomVerificationTest
runTest{String, String, String}[1]  Time elapsed: 2.042 s  <<< FAILURE!
org.opentest4j.AssertionFailedError: 
expected: <+-----------------------------------------------------------------+
| BUY                            | SELL                           |
| Id       | Volume      | Price | Price | Volume      | Id       |
+----------+-------------+-------+-------+-------------+----------+
|          |             |       |      2|           12|         3|
+-----------------------------------------------------------------+
1,3,2,12
+-----------------------------------------------------------------+
| BUY                            | SELL                           |
| Id       | Volume      | Price | Price | Volume      | Id       |
+----------+-------------+-------+-------+-------------+----------+
|         1|       99,988|      2|       |             |          |
+-----------------------------------------------------------------+
+-----------------------------------------------------------------+
| BUY                            | SELL                           |
| Id       | Volume      | Price | Price | Volume      | Id       |
+----------+-------------+-------+-------+-------------+----------+
|         1|       99,988|      2|       |             |          |
|         2|       10,000|      2|       |             |          |
+-----------------------------------------------------------------+
1,6,2,12
+-----------------------------------------------------------------+
| BUY                            | SELL                           |
| Id       | Volume      | Price | Price | Volume      | Id       |
+----------+-------------+-------+-------+-------------+----------+
|         1|       99,976|      2|       |             |          |
|         2|       10,000|      2|       |             |          |
+-----------------------------------------------------------------+
1,4,2,88
+-----------------------------------------------------------------+
| BUY                            | SELL                           |
| Id       | Volume      | Price | Price | Volume      | Id       |
+----------+-------------+-------+-------+-------------+----------+
|         1|       99,888|      2|       |             |          |
|         2|       10,000|      2|       |             |          |
+-----------------------------------------------------------------+
1,5,2,99888
2,5,2,112
+-----------------------------------------------------------------+
| BUY                            | SELL                           |
| Id       | Volume      | Price | Price | Volume      | Id       |
+----------+-------------+-------+-------+-------------+----------+
|         2|        9,888|      2|       |             |          |
+-----------------------------------------------------------------+
> but was: <+-----------------------------------------------------------------+
| BUY                            | SELL                           |
| Id       | Volume      | Price | Price | Volume      | Id       |
+----------+-------------+-------+-------+-------------+----------+
|          |             |       |      2|           12|         3|
+-----------------------------------------------------------------+
1,3,2,12
+-----------------------------------------------------------------+
| BUY                            | SELL                           |
| Id       | Volume      | Price | Price | Volume      | Id       |
+----------+-------------+-------+-------+-------------+----------+
|         1|       99,988|      2|       |             |          |
+-----------------------------------------------------------------+
+-----------------------------------------------------------------+
| BUY                            | SELL                           |
| Id       | Volume      | Price | Price | Volume      | Id       |
+----------+-------------+-------+-------+-------------+----------+
|         1|       99,988|      2|       |             |          |
|         2|       10,000|      2|       |             |          |
+-----------------------------------------------------------------+
1,6,2,12
+-----------------------------------------------------------------+
| BUY                            | SELL                           |
| Id       | Volume      | Price | Price | Volume      | Id       |
+----------+-------------+-------+-------+-------------+----------+
|         1|       99,976|      2|       |             |          |
|         2|       10,000|      2|       |             |          |
+-----------------------------------------------------------------+
1,4,2,88
+-----------------------------------------------------------------+
| BUY                            | SELL                           |
| Id       | Volume      | Price | Price | Volume      | Id       |
+----------+-------------+-------+-------+-------------+----------+
|         1|       99,888|      2|       |             |          |
|         2|       10,000|      2|       |             |          |
+-----------------------------------------------------------------+
1,5,2,99888
2,5,2,112
+-----------------------------------------------------------------+
| BUY                            | SELL                           |
| Id       | Volume      | Price | Price | Volume      | Id       |
+----------+-------------+-------+-------+-------------+----------+
|         1|            0|      2|       |             |          |
+-----------------------------------------------------------------+>
	at org.finances.CustomVerificationTest.runTest(CustomVerificationTest.java:24)

