<?xml version="1.0" encoding="UTF-8"?>
<testsuite xmlns:xsi="http://www.w3.org/2001/XMLSchema-instance" xsi:noNamespaceSchemaLocation="https://maven.apache.org/surefire/maven-surefire-plugin/xsd/surefire-test-report.xsd" name="org.finances.CustomVerificationTest" time="2.052" tests="1" errors="0" skipped="0" failures="1">
  <properties>
[...]
</properties>
  <testcase name="runTest{String, String, String}[1]" classname="org.finances.CustomVerificationTest" time="2.042">
    <failure message="expected: &lt;+-----------------------------------------------------------------+&#10;| BUY                            | SELL                           |&#10;| Id       | Volume      | Price | Price | Volume      | Id       |&#10;+----------+-------------+-------+-------+-------------+----------+&#10;|          |             |       |      2|           12|         3|&#10;+-----------------------------------------------------------------+&#10;1,3,2,12&#10;+-----------------------------------------------------------------+&#10;| BUY                            | SELL                           |&#10;| Id       | Volume      | Price | Price | Volume      | Id       |&#10;+----------+-------------+-------+-------+-------------+----------+&#10;|         1|       99,988|      2|       |             |          |&#10;+-----------------------------------------------------------------+&#10;+-----------------------------------------------------------------+&#10;| BUY                            | SELL                           |&#10;| Id       | Volume      | Price | Price | Volume      | Id       |&#10;+----------+-------------+-------+-------+-------------+----------+&#10;|         1|       99,988|      2|       |             |          |&#10;|         2|       10,000|      2|       |             |          |&#10;+-----------------------------------------------------------------+&#10;1,6,2,12&#10;+-----------------------------------------------------------------+&#10;| BUY                            | SELL                           |&#10;| Id       | Volume      | Price | Price | Volume      | Id       |&#10;+----------+-------------+-------+-------+-------------+----------+&#10;|         1|       99,976|      2|       |             |          |&#10;|         2|       10,000|      2|       |             |          |&#10;+-----------------------------------------------------------------+&#10;1,4,2,88&#10;+-----------------------------------------------------------------+&#10;| BUY                            | SELL                           |&#10;| Id       | Volume      | Price | Price | Volume      | Id       |&#10;+----------+-------------+-------+-------+-------------+----------+&#10;|         1|       99,888|      2|       |             |          |&#10;|         2|       10,000|      2|       |             |          |&#10;+-----------------------------------------------------------------+&#10;1,5,2,99888&#10;2,5,2,112&#10;+-----------------------------------------------------------------+&#10;| BUY                            | SELL                           |&#10;| Id       | Volume      | Price | Price | Volume      | Id       |&#10;+----------+-------------+-------+-------+-------------+----------+&#10;|         2|        9,888|      2|       |             |          |&#10;+-----------------------------------------------------------------+&#10;&gt; but was: &lt;+-----------------------------------------------------------------+&#10;| BUY                            | SELL                           |&#10;| Id       | Volume      | Price | Price | Volume      | Id       |&#10;+----------+-------------+-------+-------+-------------+----------+&#10;|          |             |       |      2|           12|         3|&#10;+-----------------------------------------------------------------+&#10;1,3,2,12&#10;+-----------------------------------------------------------------+&#10;| BUY                            | SELL                           |&#10;| Id       | Volume      | Price | Price | Volume      | Id       |&#10;+----------+-------------+-------+-------+-------------+----------+&#10;|         1|       99,988|      2|       |             |          |&#10;+-----------------------------------------------------------------+&#10;+-----------------------------------------------------------------+&#10;| BUY                            | SELL                           |&#10;| Id       | Volume      | Price | Price | Volume      | Id       |&#10;+----------+-------------+-------+-------+-------------+----------+&#10;|         1|       99,988|      2|       |             |          |&#10;|         2|       10,000|      2|       |             |          |&#10;+-----------------------------------------------------------------+&#10;1,6,2,12&#10;+-----------------------------------------------------------------+&#10;| BUY                            | SELL                           |&#10;| Id       | Volume      | Price | Price | Volume      | Id       |&#10;+----------+-------------+-------+-------+-------------+----------+&#10;|         1|       99,976|      2|       |             |          |&#10;|         2|       10,000|      2|       |             |          |&#10;+-----------------------------------------------------------------+&#10;1,4,2,88&#10;+-----------------------------------------------------------------+&#10;| BUY                            | SELL                           |&#10;| Id       | Volume      | Price | Price | Volume      | Id       |&#10;+----------+-------------+-------+-------+-------------+----------+&#10;|         1|       99,888|      2|       |             |          |&#10;|         2|       10,000|      2|       |             |          |&#10;+-----------------------------------------------------------------+&#10;1,5,2,99888&#10;2,5,2,112&#10;+-----------------------------------------------------------------+&#10;| BUY                            | SELL                           |&#10;| Id       | Volume      | Price | Price | Volume      | Id       |&#10;+----------+-------------+-------+-------+-------------+----------+&#10;|         1|            0|      2|       |             |          |&#10;+-----------------------------------------------------------------+&gt;" type="org.opentest4j.AssertionFailedError"><![CDATA[org.opentest4j.AssertionFailedError: 
expected: <+-----------------------------------------------------------------+
| BUY                            | SELL                           |
| Id       | Volume      | Price | Price | Volume      | Id       |
+----------+-------------+-------+-------+-------------+----------+
|          |             |       |      2|           12|         3|
+-----------------------------------------------------------------+
1,3,2,12
+-----------------------------------------------------------------+
| BUY                            | SELL                           |
| Id       | Volume      | Price | Price | Volume      | Id       |
+----------+-------------+-------+-------+-------------+----------+
|         1|       99,988|      2|       |             |          |
+-----------------------------------------------------------------+
+-----------------------------------------------------------------+
| BUY                            | SELL                           |
| Id       | Volume      | Price | Price | Volume      | Id       |
+----------+-------------+-------+-------+-------------+----------+
|         1|       99,988|      2|       |             |          |
|         2|       10,000|      2|       |             |          |
+-----------------------------------------------------------------+
1,6,2,12
+-----------------------------------------------------------------+
| BUY                            | SELL                           |
| Id       | Volume      | Price | Price | Volume      | Id       |
+----------+-------------+-------+-------+-------------+----------+
|         1|       99,976|      2|       |             |          |
|         2|       10,000|      2|       |             |          |
+-----------------------------------------------------------------+
1,4,2,88
+-----------------------------------------------------------------+
| BUY                            | SELL                           |
| Id       | Volume      | Price | Price | Volume      | Id       |
+----------+-------------+-------+-------+-------------+----------+
|         1|       99,888|      2|       |             |          |
|         2|       10,000|      2|       |             |          |
+-----------------------------------------------------------------+
1,5,2,99888
2,5,2,112
+-----------------------------------------------------------------+
| BUY                            | SELL                           |
| Id       | Volume      | Price | Price | Volume      | Id       |
+----------+-------------+-------+-------+-------------+----------+
|         2|        9,888|      2|       |             |          |
+-----------------------------------------------------------------+
> but was: <+-----------------------------------------------------------------+
| BUY                            | SELL                           |
| Id       | Volume      | Price | Price | Volume      | Id       |
+----------+-------------+-------+-------+-------------+----------+
|          |             |       |      2|           12|         3|
+-----------------------------------------------------------------+
1,3,2,12
+-----------------------------------------------------------------+
| BUY                            | SELL                           |
| Id       | Volume      | Price | Price | Volume      | Id       |
+----------+-------------+-------+-------+-------------+----------+
|         1|       99,988|      2|       |             |          |
+-----------------------------------------------------------------+
+-----------------------------------------------------------------+
| BUY                            | SELL                           |
| Id       | Volume      | Price | Price | Volume      | Id       |
+----------+-------------+-------+-------+-------------+----------+
|         1|       99,988|      2|       |             |          |
|         2|       10,000|      2|       |             |          |
+-----------------------------------------------------------------+
1,6,2,12
+-----------------------------------------------------------------+
| BUY                            | SELL                           |
| Id       | Volume      | Price | Price | Volume      | Id       |
+----------+-------------+-------+-------+-------------+----------+
|         1|       99,976|      2|       |             |          |
|         2|       10,000|      2|       |             |          |
+-----------------------------------------------------------------+
1,4,2,88
+-----------------------------------------------------------------+
| BUY                            | SELL                           |
| Id       | Volume      | Price | Price | Volume      | Id       |
+----------+-------------+-------+-------+-------------+----------+
|         1|       99,888|      2|       |             |          |
|         2|       10,000|      2|       |             |          |
+-----------------------------------------------------------------+
1,5,2,99888
2,5,2,112
+-----------------------------------------------------------------+
| BUY                            | SELL                           |
| Id       | Volume      | Price | Price | Volume      | Id       |
+----------+-------------+-------+-------+-------------+----------+
|         1|            0|      2|       |             |          |
+-----------------------------------------------------------------+>
	at org.finances.CustomVerificationTest.runTest(CustomVerificationTest.java:24)
]]></failure>
    <system-out><![CDATA[+-----------------------------------------------------------------+
| BUY                            | SELL                           |
| Id       | Volume      | Price | Price | Volume      | Id       |
+----------+-------------+-------+-------+-------------+----------+
|          |             |       |      2|           12|         3|
+-----------------------------------------------------------------+
1,3,2,12
+-----------------------------------------------------------------+
| BUY                            | SELL                           |
| Id       | Volume      | Price | Price | Volume      | Id       |
+----------+-------------+-------+-------+-------------+----------+
|         1|       99,988|      2|       |             |          |
+-----------------------------------------------------------------+
+-----------------------------------------------------------------+
| BUY                            | SELL                           |
| Id       | Volume      | Price | Price | Volume      | Id       |
+----------+-------------+-------+-------+-------------+----------+
|         1|       99,988|      2|       |             |          |
|         2|       10,000|      2|       |             |          |
+-----------------------------------------------------------------+
1,6,2,12
+-----------------------------------------------------------------+
| BUY                            | SELL                           |
| Id       | Volume      | Price | Price | Volume      | Id       |
+----------+-------------+-------+-------+-------------+----------+
|         1|       99,976|      2|       |             |          |
|         2|       10,000|      2|       |             |          |
+-----------------------------------------------------------------+
1,4,2,88
+-----------------------------------------------------------------+
| BUY                            | SELL                           |
| Id       | Volume      | Price | Price | Volume      | Id       |
+----------+-------------+-------+-------+-------------+----------+
|         1|       99,888|      2|       |             |          |
|         2|       10,000|      2|       |             |          |
+-----------------------------------------------------------------+
1,5,2,99888
2,5,2,112
+-----------------------------------------------------------------+
| BUY                            | SELL                           |
| Id       | Volume      | Price | Price | Volume      | Id       |
+----------+-------------+-------+-------+-------------+----------+
|         1|            0|      2|       |             |          |
+-----------------------------------------------------------------+
]]></system-out>
    <system-err><![CDATA[Executing order 3 with 12 for order: 1 100000
1: 100000 - 12 = 99988
3: 12 - 12 = 0
1,3,2,12
Executing order 1 with 99988 for order: 6 12
6: 12 - 12 = 0
1: 99988 - 12 = 99976
1,6,2,12
Executing order 1 with 99976 for order: 4 88
4: 88 - 88 = 0
1: 99976 - 88 = 99888
1,4,2,88
Executing order 1 with 99888 for order: 5 100000
5: 100000 - 99888 = 112
1: 99888 - 99888 = 0
1,5,2,99888
Executing order 2 with 10000 for order: 5 112
5: 112 - 112 = 0
2: 10000 - 112 = 9888
2,5,2,112
Empty ordeString
Empty ordeString
]]></system-err>
  </testcase>
</testsuite>